<?xml version="1.0" encoding="UTF-8"?>
<!-- Generated by org.testng.reporters.JUnitReportReporter -->
<testsuite hostname="Numus-MacBook-Pro-2.local" failures="0" tests="3" name="DynamicJson" time="4.691" errors="0" timestamp="2022-09-12T19:55:18 PKT" skipped="0">
  <testcase classname="DynamicJson" name="addBook" time="0.493"/>
  <system-out/>
  <testcase classname="DynamicJson" name="addBook" time="3.703"/>
  <system-out/>
  <testcase classname="DynamicJson" name="addBook" time="0.495"/>
  <system-out/>
</testsuite> <!-- DynamicJson -->
