<?xml version="1.0" encoding="UTF-8"?>
<!-- Generated by org.testng.reporters.JUnitReportReporter -->
<testsuite hostname="Numus-MacBook-Pro-2.local" failures="0" tests="1" name="AddJsonfromFile" time="3.460" errors="0" timestamp="2022-09-11T17:52:06 PKT" skipped="0">
  <testcase classname="AddJsonfromFile" name="addBook" time="3.460"/>
  <system-out/>
</testsuite> <!-- AddJsonfromFile -->
