<?xml version="1.0" encoding="UTF-8"?>
<!-- Generated by org.testng.reporters.JUnitReportReporter -->
<testsuite hostname="Numus-MacBook-Pro-2.local" failures="0" tests="1" name="SumValidation" time="2.143" errors="0" timestamp="2022-09-11T15:53:28 PKT" skipped="0">
  <testcase classname="SumValidation" name="sumOfCourses" time="2.143"/>
  <system-out/>
</testsuite> <!-- SumValidation -->
